<?xml version="1.0" encoding="UTF-8"?>
<testsuite xmlns:xsi="http://www.w3.org/2001/XMLSchema-instance" xsi:noNamespaceSchemaLocation="https://maven.apache.org/surefire/maven-surefire-plugin/xsd/surefire-test-report.xsd" name="com.luisantolin.daw.prog.EjemploArgumentosLineaDeComandos.AppTest" time="0.062" tests="1" errors="0" skipped="0" failures="0">
  <properties>
    <property name="sun.desktop" value="gnome"/>
    <property name="awt.toolkit" value="sun.awt.X11.XToolkit"/>
    <property name="java.specification.version" value="11"/>
    <property name="sun.cpu.isalist" value=""/>
    <property name="sun.jnu.encoding" value="UTF-8"/>
    <property name="java.class.path" value="/home/lantolin/eclipse-workspaces/jee-2020-09/1daw-prog/EjemploArgumentosLineaDeComandos/target/test-classes:/home/lantolin/eclipse-workspaces/jee-2020-09/1daw-prog/EjemploArgumentosLineaDeComandos/target/classes:/home/lantolin/.m2/repository/junit/junit/4.11/junit-4.11.jar:/home/lantolin/.m2/repository/org/hamcrest/hamcrest-core/1.3/hamcrest-core-1.3.jar:"/>
    <property name="java.vm.vendor" value="Debian"/>
    <property name="sun.arch.data.model" value="64"/>
    <property name="java.vendor.url" value="https://tracker.debian.org/openjdk-11"/>
    <property name="user.timezone" value=""/>
    <property name="java.vm.specification.version" value="11"/>
    <property name="os.name" value="Linux"/>
    <property name="sun.java.launcher" value="SUN_STANDARD"/>
    <property name="user.country" value="US"/>
    <property name="sun.boot.library.path" value="/usr/lib/jvm/java-11-openjdk-amd64/lib"/>
    <property name="sun.java.command" value="/home/lantolin/eclipse-workspaces/jee-2020-09/1daw-prog/EjemploArgumentosLineaDeComandos/target/surefire/surefirebooter16262448517456082679.jar /home/lantolin/eclipse-workspaces/jee-2020-09/1daw-prog/EjemploArgumentosLineaDeComandos/target/surefire 2022-10-10T16-06-35_031-jvmRun1 surefire5444101871442581967tmp surefire_07508472015858303853tmp"/>
    <property name="jdk.debug" value="release"/>
    <property name="surefire.test.class.path" value="/home/lantolin/eclipse-workspaces/jee-2020-09/1daw-prog/EjemploArgumentosLineaDeComandos/target/test-classes:/home/lantolin/eclipse-workspaces/jee-2020-09/1daw-prog/EjemploArgumentosLineaDeComandos/target/classes:/home/lantolin/.m2/repository/junit/junit/4.11/junit-4.11.jar:/home/lantolin/.m2/repository/org/hamcrest/hamcrest-core/1.3/hamcrest-core-1.3.jar:"/>
    <property name="sun.cpu.endian" value="little"/>
    <property name="user.home" value="/home/lantolin"/>
    <property name="user.language" value="en"/>
    <property name="java.specification.vendor" value="Oracle Corporation"/>
    <property name="java.version.date" value="2022-07-19"/>
    <property name="java.home" value="/usr/lib/jvm/java-11-openjdk-amd64"/>
    <property name="file.separator" value="/"/>
    <property name="basedir" value="/home/lantolin/eclipse-workspaces/jee-2020-09/1daw-prog/EjemploArgumentosLineaDeComandos"/>
    <property name="java.vm.compressedOopsMode" value="Zero based"/>
    <property name="line.separator" value="&#10;"/>
    <property name="java.specification.name" value="Java Platform API Specification"/>
    <property name="java.vm.specification.vendor" value="Oracle Corporation"/>
    <property name="java.awt.graphicsenv" value="sun.awt.X11GraphicsEnvironment"/>
    <property name="surefire.real.class.path" value="/home/lantolin/eclipse-workspaces/jee-2020-09/1daw-prog/EjemploArgumentosLineaDeComandos/target/surefire/surefirebooter16262448517456082679.jar"/>
    <property name="sun.management.compiler" value="HotSpot 64-Bit Tiered Compilers"/>
    <property name="java.runtime.version" value="11.0.16+8-post-Debian-1deb11u1"/>
    <property name="user.name" value="lantolin"/>
    <property name="path.separator" value=":"/>
    <property name="os.version" value="5.10.0-18-amd64"/>
    <property name="java.runtime.name" value="OpenJDK Runtime Environment"/>
    <property name="file.encoding" value="UTF-8"/>
    <property name="java.vm.name" value="OpenJDK 64-Bit Server VM"/>
    <property name="localRepository" value="/home/lantolin/.m2/repository"/>
    <property name="java.vendor.url.bug" value="https://bugs.debian.org/openjdk-11"/>
    <property name="java.io.tmpdir" value="/tmp"/>
    <property name="java.version" value="11.0.16"/>
    <property name="user.dir" value="/home/lantolin/eclipse-workspaces/jee-2020-09/1daw-prog/EjemploArgumentosLineaDeComandos"/>
    <property name="os.arch" value="amd64"/>
    <property name="java.vm.specification.name" value="Java Virtual Machine Specification"/>
    <property name="java.awt.printerjob" value="sun.print.PSPrinterJob"/>
    <property name="sun.os.patch.level" value="unknown"/>
    <property name="java.library.path" value="/usr/java/packages/lib:/usr/lib/x86_64-linux-gnu/jni:/lib/x86_64-linux-gnu:/usr/lib/x86_64-linux-gnu:/usr/lib/jni:/lib:/usr/lib"/>
    <property name="java.vm.info" value="mixed mode, sharing"/>
    <property name="java.vendor" value="Debian"/>
    <property name="java.vm.version" value="11.0.16+8-post-Debian-1deb11u1"/>
    <property name="sun.io.unicode.encoding" value="UnicodeLittle"/>
    <property name="java.class.version" value="55.0"/>
  </properties>
  <testcase name="shouldAnswerWithTrue" classname="com.luisantolin.daw.prog.EjemploArgumentosLineaDeComandos.AppTest" time="0.004"/>
</testsuite>